c:\users\user\source\repos\gdend2---engine-feature-replication\obj\win32\debug\auiscreen.obj
c:\users\user\source\repos\gdend2---engine-feature-replication\obj\win32\debug\devicecontext.obj
c:\users\user\source\repos\gdend2---engine-feature-replication\obj\win32\debug\imgui_demo.obj
c:\users\user\source\repos\gdend2---engine-feature-replication\obj\win32\debug\imgui_tables.obj
c:\users\user\source\repos\gdend2---engine-feature-replication\obj\win32\debug\inputsystem.obj
c:\users\user\source\repos\gdend2---engine-feature-replication\obj\win32\debug\scenecamerahandler.obj
c:\users\user\source\repos\gdend2---engine-feature-replication\obj\win32\debug\main.obj
c:\users\user\source\repos\gdend2---engine-feature-replication\obj\win32\debug\agameobject.obj
c:\users\user\source\repos\gdend2---engine-feature-replication\obj\win32\debug\gamewindow.obj
c:\users\user\source\repos\gdend2---engine-feature-replication\obj\win32\debug\plane.obj
c:\users\user\source\repos\gdend2---engine-feature-replication\obj\win32\debug\vector3d.obj
c:\users\user\source\repos\gdend2---engine-feature-replication\obj\win32\debug\vertexshader.obj
c:\users\user\source\repos\gdend2---engine-feature-replication\obj\win32\debug\creditsscreen.obj
c:\users\user\source\repos\gdend2---engine-feature-replication\obj\win32\debug\imgui_impl_dx11.obj
c:\users\user\source\repos\gdend2---engine-feature-replication\obj\win32\debug\menuscreen.obj
c:\users\user\source\repos\gdend2---engine-feature-replication\obj\win32\debug\vector4d.obj
c:\users\user\source\repos\gdend2---engine-feature-replication\obj\win32\debug\vertexbuffer.obj
c:\users\user\source\repos\gdend2---engine-feature-replication\obj\win32\debug\cube.obj
c:\users\user\source\repos\gdend2---engine-feature-replication\obj\win32\debug\imgui.obj
c:\users\user\source\repos\gdend2---engine-feature-replication\obj\win32\debug\imgui_impl_win32.obj
c:\users\user\source\repos\gdend2---engine-feature-replication\obj\win32\debug\mathf.obj
c:\users\user\source\repos\gdend2---engine-feature-replication\obj\win32\debug\point.obj
c:\users\user\source\repos\gdend2---engine-feature-replication\obj\win32\debug\profilerscreen.obj
c:\users\user\source\repos\gdend2---engine-feature-replication\obj\win32\debug\window.obj
c:\users\user\source\repos\gdend2---engine-feature-replication\obj\win32\debug\camera.obj
c:\users\user\source\repos\gdend2---engine-feature-replication\obj\win32\debug\graphicsengine.obj
c:\users\user\source\repos\gdend2---engine-feature-replication\obj\win32\debug\inspectorscreen.obj
c:\users\user\source\repos\gdend2---engine-feature-replication\obj\win32\debug\uimanager.obj
c:\users\user\source\repos\gdend2---engine-feature-replication\obj\win32\debug\cylinder.obj
c:\users\user\source\repos\gdend2---engine-feature-replication\obj\win32\debug\hierarchyscreen.obj
c:\users\user\source\repos\gdend2---engine-feature-replication\obj\win32\debug\rectangle.obj
c:\users\user\source\repos\gdend2---engine-feature-replication\obj\win32\debug\triangle.obj
c:\users\user\source\repos\gdend2---engine-feature-replication\obj\win32\debug\constantbuffer.obj
c:\users\user\source\repos\gdend2---engine-feature-replication\obj\win32\debug\enginetime.obj
c:\users\user\source\repos\gdend2---engine-feature-replication\obj\win32\debug\indexbuffer.obj
c:\users\user\source\repos\gdend2---engine-feature-replication\obj\win32\debug\sphere.obj
c:\users\user\source\repos\gdend2---engine-feature-replication\obj\win32\debug\viewport.obj
c:\users\user\source\repos\gdend2---engine-feature-replication\obj\win32\debug\appwindow.obj
c:\users\user\source\repos\gdend2---engine-feature-replication\obj\win32\debug\imgui_draw.obj
c:\users\user\source\repos\gdend2---engine-feature-replication\obj\win32\debug\imgui_widgets.obj
c:\users\user\source\repos\gdend2---engine-feature-replication\obj\win32\debug\matrix4x4.obj
c:\users\user\source\repos\gdend2---engine-feature-replication\obj\win32\debug\pixelshader.obj
c:\users\user\source\repos\gdend2---engine-feature-replication\obj\win32\debug\swapchain.obj
c:\users\user\source\repos\gdend2---engine-feature-replication\obj\win32\debug\vc143.pdb
c:\users\user\source\repos\gdend2---engine-feature-replication\obj\win32\debug\utils.obj
c:\users\user\source\repos\gdend2---engine-feature-replication\obj\win32\debug\gameobjectmanager.obj
c:\users\user\source\repos\gdend2---engine-feature-replication\obj\win32\debug\gamecamerahandler.obj
c:\users\user\source\repos\gdend2---engine-feature-replication\obj\win32\debug\gamecamera.obj
c:\users\user\source\repos\gdend2---engine-feature-replication\obj\win32\debug\cameramovement.obj
c:\users\user\source\repos\gdend2---engine-feature-replication\obj\win32\debug\tagcomponent.obj
c:\users\user\source\repos\gdend2---engine-feature-replication\obj\win32\debug\transformcomponent.obj
c:\users\user\source\repos\gdend2---engine-feature-replication\obj\win32\debug\renderview.obj
c:\users\user\source\repos\gdend2---engine-feature-replication\obj\win32\debug\sceneviewscreen.obj
c:\users\user\source\repos\gdend2---engine-feature-replication\obj\win32\debug\random.obj
c:\users\user\source\repos\gdend2---engine-feature-replication\obj\win32\debug\primitive.obj
c:\users\user\source\repos\gdend2---engine-feature-replication\obj\win32\debug\tagsystem.obj
c:\users\user\source\repos\gdend2---engine-feature-replication\obj\win32\debug\transformsystem.obj
c:\users\user\source\repos\gdend2---engine-feature-replication\obj\win32\debug\systemmanager.obj
c:\users\user\source\repos\gdend2---engine-feature-replication\obj\win32\debug\color.obj
c:\users\user\source\repos\gdend2---engine-feature-replication\obj\win32\debug\aviewportscreen.obj
c:\users\user\source\repos\gdend2---engine-feature-replication\bin\win32\debug\gdeng-2 project.exe
c:\users\user\source\repos\gdend2---engine-feature-replication\obj\win32\debug\gdeng-2 project.ilk
c:\users\user\source\repos\gdend2---engine-feature-replication\bin\win32\debug\gdeng-2 project.pdb
c:\users\user\source\repos\gdend2---engine-feature-replication\obj\win32\debug\vc143.idb
c:\users\user\source\repos\gdend2---engine-feature-replication\obj\win32\debug\gdeng-2 project.tlog\cl.command.1.tlog
c:\users\user\source\repos\gdend2---engine-feature-replication\obj\win32\debug\gdeng-2 project.tlog\cl.read.1.tlog
c:\users\user\source\repos\gdend2---engine-feature-replication\obj\win32\debug\gdeng-2 project.tlog\cl.write.1.tlog
c:\users\user\source\repos\gdend2---engine-feature-replication\obj\win32\debug\gdeng-2 project.tlog\link.command.1.tlog
c:\users\user\source\repos\gdend2---engine-feature-replication\obj\win32\debug\gdeng-2 project.tlog\link.read.1.tlog
c:\users\user\source\repos\gdend2---engine-feature-replication\obj\win32\debug\gdeng-2 project.tlog\link.write.1.tlog
